# JRE version: OpenJDK Runtime Environment Temurin-21.0.9+10 (21.0.9+10) (build 21.0.9+10-LTS)
# Java VM: OpenJDK 64-Bit Server VM Temurin-21.0.9+10 (21.0.9+10-LTS, mixed mode, sharing, tiered, compressed oops, compressed class ptrs, parallel gc, windows-amd64)
GC Precious Log:
 CardTable entry size: 512
 CPUs: 16 total, 16 available
 Memory: 16052M
 Large Page Support: Disabled
 NUMA Support: Disabled
 Compressed Oops: Enabled (32-bit)
 Alignments: Space 512K, Generation 512K, Heap 2M
 Heap Min Capacity: 100M
 Heap Initial Capacity: 100M
 Heap Max Capacity: 2G
 Pre-touch: Disabled
 Parallel Workers: 13
Heap:
 PSYoungGen      total 17920K, used 14596K [0x00000000d5580000, 0x00000000d6a00000, 0x0000000100000000)
  eden space 16896K, 80% used [0x00000000d5580000,0x00000000d62c3220,0x00000000d6600000)
  from space 1024K, 99% used [0x00000000d6900000,0x00000000d69fe1a8,0x00000000d6a00000)
  to   space 1536K, 0% used [0x00000000d6700000,0x00000000d6700000,0x00000000d6880000)
 ParOldGen       total 68608K, used 34707K [0x0000000080000000, 0x0000000084300000, 0x00000000d5580000)
  object space 68608K, 50% used [0x0000000080000000,0x00000000821e4e08,0x0000000084300000)
 Metaspace       used 48646K, committed 49984K, reserved 1114112K
  class space    used 5280K, committed 5888K, reserved 1048576K
GC Heap History (20 events):
Event: 2.946 GC heap before
{Heap before GC invocations=15 (full 2):
 PSYoungGen      total 23552K, used 1029K [0x00000000d5580000, 0x00000000d7180000, 0x0000000100000000)
  eden space 22016K, 0% used [0x00000000d5580000,0x00000000d5580000,0x00000000d6b00000)
  from space 1536K, 67% used [0x00000000d6b00000,0x00000000d6c01740,0x00000000d6c80000)
  to   space 2560K, 0% used [0x00000000d6f00000,0x00000000d6f00000,0x00000000d7180000)
 ParOldGen       total 68608K, used 19752K [0x0000000080000000, 0x0000000084300000, 0x00000000d5580000)
  object space 68608K, 28% used [0x0000000080000000,0x000000008134a078,0x0000000084300000)
 Metaspace       used 34710K, committed 35840K, reserved 1114112K
  class space    used 3521K, committed 4032K, reserved 1048576K
}
Event: 2.969 GC heap after
{Heap after GC invocations=15 (full 2):
 PSYoungGen      total 23552K, used 0K [0x00000000d5580000, 0x00000000d7180000, 0x0000000100000000)
  eden space 22016K, 0% used [0x00000000d5580000,0x00000000d5580000,0x00000000d6b00000)
  from space 1536K, 0% used [0x00000000d6b00000,0x00000000d6b00000,0x00000000d6c80000)
  to   space 2560K, 0% used [0x00000000d6f00000,0x00000000d6f00000,0x00000000d7180000)
 ParOldGen       total 68608K, used 19747K [0x0000000080000000, 0x0000000084300000, 0x00000000d5580000)
  object space 68608K, 28% used [0x0000000080000000,0x0000000081348d80,0x0000000084300000)
 Metaspace       used 34710K, committed 35840K, reserved 1114112K
  class space    used 3521K, committed 4032K, reserved 1048576K
}
Event: 3.483 GC heap before
{Heap before GC invocations=16 (full 2):
 PSYoungGen      total 23552K, used 22016K [0x00000000d5580000, 0x00000000d7180000, 0x0000000100000000)
  eden space 22016K, 100% used [0x00000000d5580000,0x00000000d6b00000,0x00000000d6b00000)
  from space 1536K, 0% used [0x00000000d6b00000,0x00000000d6b00000,0x00000000d6c80000)
  to   space 2560K, 0% used [0x00000000d6f00000,0x00000000d6f00000,0x00000000d7180000)
 ParOldGen       total 68608K, used 19747K [0x0000000080000000, 0x0000000084300000, 0x00000000d5580000)
  object space 68608K, 28% used [0x0000000080000000,0x0000000081348d80,0x0000000084300000)
 Metaspace       used 36307K, committed 37568K, reserved 1114112K
  class space    used 3742K, committed 4288K, reserved 1048576K
}
Event: 3.486 GC heap after
{Heap after GC invocations=16 (full 2):
 PSYoungGen      total 19456K, used 2538K [0x00000000d5580000, 0x00000000d7d00000, 0x0000000100000000)
  eden space 16896K, 0% used [0x00000000d5580000,0x00000000d5580000,0x00000000d6600000)
  from space 2560K, 99% used [0x00000000d6f00000,0x00000000d717aa40,0x00000000d7180000)
  to   space 9216K, 0% used [0x00000000d6600000,0x00000000d6600000,0x00000000d6f00000)
 ParOldGen       total 68608K, used 24900K [0x0000000080000000, 0x0000000084300000, 0x00000000d5580000)
  object space 68608K, 36% used [0x0000000080000000,0x0000000081851370,0x0000000084300000)
 Metaspace       used 36307K, committed 37568K, reserved 1114112K
  class space    used 3742K, committed 4288K, reserved 1048576K
}
Event: 3.741 GC heap before
{Heap before GC invocations=17 (full 2):
 PSYoungGen      total 19456K, used 19434K [0x00000000d5580000, 0x00000000d7d00000, 0x0000000100000000)
  eden space 16896K, 100% used [0x00000000d5580000,0x00000000d6600000,0x00000000d6600000)
  from space 2560K, 99% used [0x00000000d6f00000,0x00000000d717aa40,0x00000000d7180000)
  to   space 9216K, 0% used [0x00000000d6600000,0x00000000d6600000,0x00000000d6f00000)
 ParOldGen       total 68608K, used 24900K [0x0000000080000000, 0x0000000084300000, 0x00000000d5580000)
  object space 68608K, 36% used [0x0000000080000000,0x0000000081851370,0x0000000084300000)
 Metaspace       used 38177K, committed 39424K, reserved 1114112K
  class space    used 3995K, committed 4544K, reserved 1048576K
}
Event: 3.745 GC heap after
{Heap after GC invocations=17 (full 2):
 PSYoungGen      total 20480K, used 3552K [0x00000000d5580000, 0x00000000d7000000, 0x0000000100000000)
  eden space 16896K, 0% used [0x00000000d5580000,0x00000000d5580000,0x00000000d6600000)
  from space 3584K, 99% used [0x00000000d6600000,0x00000000d6978000,0x00000000d6980000)
  to   space 5120K, 0% used [0x00000000d6b00000,0x00000000d6b00000,0x00000000d7000000)
 ParOldGen       total 68608K, used 27451K [0x0000000080000000, 0x0000000084300000, 0x00000000d5580000)
  object space 68608K, 40% used [0x0000000080000000,0x0000000081acec70,0x0000000084300000)
 Metaspace       used 38177K, committed 39424K, reserved 1114112K
  class space    used 3995K, committed 4544K, reserved 1048576K
}
Event: 4.100 GC heap before
{Heap before GC invocations=18 (full 2):
 PSYoungGen      total 20480K, used 20448K [0x00000000d5580000, 0x00000000d7000000, 0x0000000100000000)
  eden space 16896K, 100% used [0x00000000d5580000,0x00000000d6600000,0x00000000d6600000)
  from space 3584K, 99% used [0x00000000d6600000,0x00000000d6978000,0x00000000d6980000)
  to   space 5120K, 0% used [0x00000000d6b00000,0x00000000d6b00000,0x00000000d7000000)
 ParOldGen       total 68608K, used 27451K [0x0000000080000000, 0x0000000084300000, 0x00000000d5580000)
  object space 68608K, 40% used [0x0000000080000000,0x0000000081acec70,0x0000000084300000)
 Metaspace       used 39139K, committed 40384K, reserved 1114112K
  class space    used 4133K, committed 4672K, reserved 1048576K
}
Event: 4.104 GC heap after
{Heap after GC invocations=18 (full 2):
 PSYoungGen      total 17920K, used 672K [0x00000000d5580000, 0x00000000d6c00000, 0x0000000100000000)
  eden space 16896K, 0% used [0x00000000d5580000,0x00000000d5580000,0x00000000d6600000)
  from space 1024K, 65% used [0x00000000d6b00000,0x00000000d6ba8000,0x00000000d6c00000)
  to   space 2048K, 0% used [0x00000000d6800000,0x00000000d6800000,0x00000000d6a00000)
 ParOldGen       total 68608K, used 30779K [0x0000000080000000, 0x0000000084300000, 0x00000000d5580000)
  object space 68608K, 44% used [0x0000000080000000,0x0000000081e0ec80,0x0000000084300000)
 Metaspace       used 39139K, committed 40384K, reserved 1114112K
  class space    used 4133K, committed 4672K, reserved 1048576K
}
Event: 4.364 GC heap before
{Heap before GC invocations=19 (full 2):
 PSYoungGen      total 17920K, used 17568K [0x00000000d5580000, 0x00000000d6c00000, 0x0000000100000000)
  eden space 16896K, 100% used [0x00000000d5580000,0x00000000d6600000,0x00000000d6600000)
  from space 1024K, 65% used [0x00000000d6b00000,0x00000000d6ba8000,0x00000000d6c00000)
  to   space 2048K, 0% used [0x00000000d6800000,0x00000000d6800000,0x00000000d6a00000)
 ParOldGen       total 68608K, used 30779K [0x0000000080000000, 0x0000000084300000, 0x00000000d5580000)
  object space 68608K, 44% used [0x0000000080000000,0x0000000081e0ec80,0x0000000084300000)
 Metaspace       used 40500K, committed 41728K, reserved 1114112K
  class space    used 4310K, committed 4864K, reserved 1048576K
}
Event: 4.365 GC heap after
{Heap after GC invocations=19 (full 2):
 PSYoungGen      total 18944K, used 640K [0x00000000d5580000, 0x00000000d6b80000, 0x0000000100000000)
  eden space 16896K, 0% used [0x00000000d5580000,0x00000000d5580000,0x00000000d6600000)
  from space 2048K, 31% used [0x00000000d6800000,0x00000000d68a0000,0x00000000d6a00000)
  to   space 1024K, 0% used [0x00000000d6a80000,0x00000000d6a80000,0x00000000d6b80000)
 ParOldGen       total 68608K, used 31171K [0x0000000080000000, 0x0000000084300000, 0x00000000d5580000)
  object space 68608K, 45% used [0x0000000080000000,0x0000000081e70c80,0x0000000084300000)
 Metaspace       used 40500K, committed 41728K, reserved 1114112K
  class space    used 4310K, committed 4864K, reserved 1048576K
}
Event: 4.673 GC heap before
{Heap before GC invocations=20 (full 2):
 PSYoungGen      total 18944K, used 17536K [0x00000000d5580000, 0x00000000d6b80000, 0x0000000100000000)
  eden space 16896K, 100% used [0x00000000d5580000,0x00000000d6600000,0x00000000d6600000)
  from space 2048K, 31% used [0x00000000d6800000,0x00000000d68a0000,0x00000000d6a00000)
  to   space 1024K, 0% used [0x00000000d6a80000,0x00000000d6a80000,0x00000000d6b80000)
 ParOldGen       total 68608K, used 31171K [0x0000000080000000, 0x0000000084300000, 0x00000000d5580000)
  object space 68608K, 45% used [0x0000000080000000,0x0000000081e70c80,0x0000000084300000)
 Metaspace       used 42432K, committed 43712K, reserved 1114112K
  class space    used 4560K, committed 5120K, reserved 1048576K
}
Event: 4.674 GC heap after
{Heap after GC invocations=20 (full 2):
 PSYoungGen      total 17920K, used 992K [0x00000000d5580000, 0x00000000d6b80000, 0x0000000100000000)
  eden space 16896K, 0% used [0x00000000d5580000,0x00000000d5580000,0x00000000d6600000)
  from space 1024K, 96% used [0x00000000d6a80000,0x00000000d6b78000,0x00000000d6b80000)
  to   space 1536K, 0% used [0x00000000d6880000,0x00000000d6880000,0x00000000d6a00000)
 ParOldGen       total 68608K, used 31587K [0x0000000080000000, 0x0000000084300000, 0x00000000d5580000)
  object space 68608K, 46% used [0x0000000080000000,0x0000000081ed8c80,0x0000000084300000)
 Metaspace       used 42432K, committed 43712K, reserved 1114112K
  class space    used 4560K, committed 5120K, reserved 1048576K
}
Event: 5.061 GC heap before
{Heap before GC invocations=21 (full 2):
 PSYoungGen      total 17920K, used 17888K [0x00000000d5580000, 0x00000000d6b80000, 0x0000000100000000)
  eden space 16896K, 100% used [0x00000000d5580000,0x00000000d6600000,0x00000000d6600000)
  from space 1024K, 96% used [0x00000000d6a80000,0x00000000d6b78000,0x00000000d6b80000)
  to   space 1536K, 0% used [0x00000000d6880000,0x00000000d6880000,0x00000000d6a00000)
 ParOldGen       total 68608K, used 31587K [0x0000000080000000, 0x0000000084300000, 0x00000000d5580000)
  object space 68608K, 46% used [0x0000000080000000,0x0000000081ed8c80,0x0000000084300000)
 Metaspace       used 44421K, committed 45696K, reserved 1114112K
  class space    used 4824K, committed 5376K, reserved 1048576K
}
Event: 5.064 GC heap after
{Heap after GC invocations=21 (full 2):
 PSYoungGen      total 18432K, used 1376K [0x00000000d5580000, 0x00000000d6b00000, 0x0000000100000000)
  eden space 16896K, 0% used [0x00000000d5580000,0x00000000d5580000,0x00000000d6600000)
  from space 1536K, 89% used [0x00000000d6880000,0x00000000d69d8000,0x00000000d6a00000)
  to   space 1024K, 0% used [0x00000000d6a00000,0x00000000d6a00000,0x00000000d6b00000)
 ParOldGen       total 68608K, used 32282K [0x0000000080000000, 0x0000000084300000, 0x00000000d5580000)
  object space 68608K, 47% used [0x0000000080000000,0x0000000081f86980,0x0000000084300000)
 Metaspace       used 44421K, committed 45696K, reserved 1114112K
  class space    used 4824K, committed 5376K, reserved 1048576K
}
Event: 5.348 GC heap before
{Heap before GC invocations=22 (full 2):
 PSYoungGen      total 18432K, used 18271K [0x00000000d5580000, 0x00000000d6b00000, 0x0000000100000000)
  eden space 16896K, 99% used [0x00000000d5580000,0x00000000d65fff98,0x00000000d6600000)
  from space 1536K, 89% used [0x00000000d6880000,0x00000000d69d8000,0x00000000d6a00000)
  to   space 1024K, 0% used [0x00000000d6a00000,0x00000000d6a00000,0x00000000d6b00000)
 ParOldGen       total 68608K, used 32282K [0x0000000080000000, 0x0000000084300000, 0x00000000d5580000)
  object space 68608K, 47% used [0x0000000080000000,0x0000000081f86980,0x0000000084300000)
 Metaspace       used 46340K, committed 47552K, reserved 1114112K
  class space    used 5056K, committed 5568K, reserved 1048576K
}
Event: 5.351 GC heap after
{Heap after GC invocations=22 (full 2):
 PSYoungGen      total 17920K, used 1020K [0x00000000d5580000, 0x00000000d6b00000, 0x0000000100000000)
  eden space 16896K, 0% used [0x00000000d5580000,0x00000000d5580000,0x00000000d6600000)
  from space 1024K, 99% used [0x00000000d6a00000,0x00000000d6aff298,0x00000000d6b00000)
  to   space 2560K, 0% used [0x00000000d6600000,0x00000000d6600000,0x00000000d6880000)
 ParOldGen       total 68608K, used 33554K [0x0000000080000000, 0x0000000084300000, 0x00000000d5580000)
  object space 68608K, 48% used [0x0000000080000000,0x00000000820c49a0,0x0000000084300000)
 Metaspace       used 46340K, committed 47552K, reserved 1114112K
  class space    used 5056K, committed 5568K, reserved 1048576K
}
Event: 5.733 GC heap before
{Heap before GC invocations=23 (full 2):
 PSYoungGen      total 17920K, used 17916K [0x00000000d5580000, 0x00000000d6b00000, 0x0000000100000000)
  eden space 16896K, 100% used [0x00000000d5580000,0x00000000d6600000,0x00000000d6600000)
  from space 1024K, 99% used [0x00000000d6a00000,0x00000000d6aff298,0x00000000d6b00000)
  to   space 2560K, 0% used [0x00000000d6600000,0x00000000d6600000,0x00000000d6880000)
 ParOldGen       total 68608K, used 33554K [0x0000000080000000, 0x0000000084300000, 0x00000000d5580000)
  object space 68608K, 48% used [0x0000000080000000,0x00000000820c49a0,0x0000000084300000)
 Metaspace       used 46806K, committed 48064K, reserved 1114112K
  class space    used 5098K, committed 5632K, reserved 1048576K
}
Event: 5.736 GC heap after
{Heap after GC invocations=23 (full 2):
 PSYoungGen      total 19456K, used 448K [0x00000000d5580000, 0x00000000d6a80000, 0x0000000100000000)
  eden space 16896K, 0% used [0x00000000d5580000,0x00000000d5580000,0x00000000d6600000)
  from space 2560K, 17% used [0x00000000d6600000,0x00000000d6670000,0x00000000d6880000)
  to   space 1536K, 0% used [0x00000000d6900000,0x00000000d6900000,0x00000000d6a80000)
 ParOldGen       total 68608K, used 34483K [0x0000000080000000, 0x0000000084300000, 0x00000000d5580000)
  object space 68608K, 50% used [0x0000000080000000,0x00000000821ace08,0x0000000084300000)
 Metaspace       used 46806K, committed 48064K, reserved 1114112K
  class space    used 5098K, committed 5632K, reserved 1048576K
}
Event: 6.038 GC heap before
{Heap before GC invocations=24 (full 2):
 PSYoungGen      total 19456K, used 17337K [0x00000000d5580000, 0x00000000d6a80000, 0x0000000100000000)
  eden space 16896K, 99% used [0x00000000d5580000,0x00000000d65fe7d8,0x00000000d6600000)
  from space 2560K, 17% used [0x00000000d6600000,0x00000000d6670000,0x00000000d6880000)
  to   space 1536K, 0% used [0x00000000d6900000,0x00000000d6900000,0x00000000d6a80000)
 ParOldGen       total 68608K, used 34483K [0x0000000080000000, 0x0000000084300000, 0x00000000d5580000)
  object space 68608K, 50% used [0x0000000080000000,0x00000000821ace08,0x0000000084300000)
 Metaspace       used 47544K, committed 48768K, reserved 1114112K
  class space    used 5179K, committed 5696K, reserved 1048576K
}
Event: 6.040 GC heap after
{Heap after GC invocations=24 (full 2):
 PSYoungGen      total 17920K, used 1016K [0x00000000d5580000, 0x00000000d6a00000, 0x0000000100000000)
  eden space 16896K, 0% used [0x00000000d5580000,0x00000000d5580000,0x00000000d6600000)
  from space 1024K, 99% used [0x00000000d6900000,0x00000000d69fe1a8,0x00000000d6a00000)
  to   space 1536K, 0% used [0x00000000d6700000,0x00000000d6700000,0x00000000d6880000)
 ParOldGen       total 68608K, used 34707K [0x0000000080000000, 0x0000000084300000, 0x00000000d5580000)
  object space 68608K, 50% used [0x0000000080000000,0x00000000821e4e08,0x0000000084300000)
 Metaspace       used 47544K, committed 48768K, reserved 1114112K
  class space    used 5179K, committed 5696K, reserved 1048576K
}

