# JRE version: OpenJDK Runtime Environment Temurin-21.0.9+10 (21.0.9+10) (build 21.0.9+10-LTS)
# Java VM: OpenJDK 64-Bit Server VM Temurin-21.0.9+10 (21.0.9+10-LTS, mixed mode, sharing, tiered, compressed oops, compressed class ptrs, parallel gc, windows-amd64)
GC Precious Log:
 CardTable entry size: 512
 CPUs: 16 total, 16 available
 Memory: 16052M
 Large Page Support: Disabled
 NUMA Support: Disabled
 Compressed Oops: Enabled (32-bit)
 Alignments: Space 512K, Generation 512K, Heap 2M
 Heap Min Capacity: 100M
 Heap Initial Capacity: 100M
 Heap Max Capacity: 2G
 Pre-touch: Disabled
 Parallel Workers: 13
Heap:
 PSYoungGen      total 3584K, used 1884K [0x00000000d5580000, 0x00000000d5b00000, 0x0000000100000000)
  eden space 3072K, 48% used [0x00000000d5580000,0x00000000d56f70c8,0x00000000d5880000)
  from space 512K, 75% used [0x00000000d5a80000,0x00000000d5ae0000,0x00000000d5b00000)
  to   space 512K, 0% used [0x00000000d5a00000,0x00000000d5a00000,0x00000000d5a80000)
 ParOldGen       total 831488K, used 830758K [0x0000000080000000, 0x00000000b2c00000, 0x00000000d5580000)
  object space 831488K, 99% used [0x0000000080000000,0x00000000b2b49800,0x00000000b2c00000)
 Metaspace       used 73222K, committed 74816K, reserved 1179648K
  class space    used 7701K, committed 8384K, reserved 1048576K
GC Heap History (20 events):
Event: 64.688 GC heap before
{Heap before GC invocations=1198 (full 3):
 PSYoungGen      total 3072K, used 3040K [0x00000000d5580000, 0x00000000d5a00000, 0x0000000100000000)
  eden space 2560K, 100% used [0x00000000d5580000,0x00000000d5800000,0x00000000d5800000)
  from space 512K, 93% used [0x00000000d5980000,0x00000000d59f8020,0x00000000d5a00000)
  to   space 1024K, 0% used [0x00000000d5800000,0x00000000d5800000,0x00000000d5900000)
 ParOldGen       total 793088K, used 792845K [0x0000000080000000, 0x00000000b0680000, 0x00000000d5580000)
  object space 793088K, 99% used [0x0000000080000000,0x00000000b0643450,0x00000000b0680000)
 Metaspace       used 72558K, committed 74112K, reserved 1179648K
  class space    used 7627K, committed 8320K, reserved 1048576K
}
Event: 64.690 GC heap after
{Heap after GC invocations=1198 (full 3):
 PSYoungGen      total 3584K, used 378K [0x00000000d5580000, 0x00000000d5a00000, 0x0000000100000000)
  eden space 2560K, 0% used [0x00000000d5580000,0x00000000d5580000,0x00000000d5800000)
  from space 1024K, 36% used [0x00000000d5800000,0x00000000d585e900,0x00000000d5900000)
  to   space 512K, 0% used [0x00000000d5980000,0x00000000d5980000,0x00000000d5a00000)
 ParOldGen       total 793600K, used 793109K [0x0000000080000000, 0x00000000b0700000, 0x00000000d5580000)
  object space 793600K, 99% used [0x0000000080000000,0x00000000b0685470,0x00000000b0700000)
 Metaspace       used 72558K, committed 74112K, reserved 1179648K
  class space    used 7627K, committed 8320K, reserved 1048576K
}
Event: 64.694 GC heap before
{Heap before GC invocations=1199 (full 3):
 PSYoungGen      total 3584K, used 2928K [0x00000000d5580000, 0x00000000d5a00000, 0x0000000100000000)
  eden space 2560K, 99% used [0x00000000d5580000,0x00000000d57fd970,0x00000000d5800000)
  from space 1024K, 36% used [0x00000000d5800000,0x00000000d585e900,0x00000000d5900000)
  to   space 512K, 0% used [0x00000000d5980000,0x00000000d5980000,0x00000000d5a00000)
 ParOldGen       total 793600K, used 793109K [0x0000000080000000, 0x00000000b0700000, 0x00000000d5580000)
  object space 793600K, 99% used [0x0000000080000000,0x00000000b0685470,0x00000000b0700000)
 Metaspace       used 72558K, committed 74112K, reserved 1179648K
  class space    used 7627K, committed 8320K, reserved 1048576K
}
Event: 64.697 GC heap after
{Heap after GC invocations=1199 (full 3):
 PSYoungGen      total 3072K, used 502K [0x00000000d5580000, 0x00000000d5b00000, 0x0000000100000000)
  eden space 2560K, 0% used [0x00000000d5580000,0x00000000d5580000,0x00000000d5800000)
  from space 512K, 98% used [0x00000000d5980000,0x00000000d59fd908,0x00000000d5a00000)
  to   space 1536K, 0% used [0x00000000d5800000,0x00000000d5800000,0x00000000d5980000)
 ParOldGen       total 794112K, used 793965K [0x0000000080000000, 0x00000000b0780000, 0x00000000d5580000)
  object space 794112K, 99% used [0x0000000080000000,0x00000000b075b578,0x00000000b0780000)
 Metaspace       used 72558K, committed 74112K, reserved 1179648K
  class space    used 7627K, committed 8320K, reserved 1048576K
}
Event: 64.701 GC heap before
{Heap before GC invocations=1200 (full 3):
 PSYoungGen      total 3072K, used 3021K [0x00000000d5580000, 0x00000000d5b00000, 0x0000000100000000)
  eden space 2560K, 98% used [0x00000000d5580000,0x00000000d57f5b28,0x00000000d5800000)
  from space 512K, 98% used [0x00000000d5980000,0x00000000d59fd908,0x00000000d5a00000)
  to   space 1536K, 0% used [0x00000000d5800000,0x00000000d5800000,0x00000000d5980000)
 ParOldGen       total 794112K, used 793965K [0x0000000080000000, 0x00000000b0780000, 0x00000000d5580000)
  object space 794112K, 99% used [0x0000000080000000,0x00000000b075b578,0x00000000b0780000)
 Metaspace       used 72558K, committed 74112K, reserved 1179648K
  class space    used 7627K, committed 8320K, reserved 1048576K
}
Event: 64.703 GC heap after
{Heap after GC invocations=1200 (full 3):
 PSYoungGen      total 4096K, used 1520K [0x00000000d5580000, 0x00000000d5e80000, 0x0000000100000000)
  eden space 2560K, 0% used [0x00000000d5580000,0x00000000d5580000,0x00000000d5800000)
  from space 1536K, 98% used [0x00000000d5800000,0x00000000d597c1b0,0x00000000d5980000)
  to   space 3072K, 0% used [0x00000000d5b80000,0x00000000d5b80000,0x00000000d5e80000)
 ParOldGen       total 795136K, used 794966K [0x0000000080000000, 0x00000000b0880000, 0x00000000d5580000)
  object space 795136K, 99% used [0x0000000080000000,0x00000000b0855978,0x00000000b0880000)
 Metaspace       used 72558K, committed 74112K, reserved 1179648K
  class space    used 7627K, committed 8320K, reserved 1048576K
}
Event: 64.708 GC heap before
{Heap before GC invocations=1201 (full 3):
 PSYoungGen      total 4096K, used 4080K [0x00000000d5580000, 0x00000000d5e80000, 0x0000000100000000)
  eden space 2560K, 100% used [0x00000000d5580000,0x00000000d5800000,0x00000000d5800000)
  from space 1536K, 98% used [0x00000000d5800000,0x00000000d597c1b0,0x00000000d5980000)
  to   space 3072K, 0% used [0x00000000d5b80000,0x00000000d5b80000,0x00000000d5e80000)
 ParOldGen       total 795136K, used 794966K [0x0000000080000000, 0x00000000b0880000, 0x00000000d5580000)
  object space 795136K, 99% used [0x0000000080000000,0x00000000b0855978,0x00000000b0880000)
 Metaspace       used 72558K, committed 74112K, reserved 1179648K
  class space    used 7627K, committed 8320K, reserved 1048576K
}
Event: 64.710 GC heap after
{Heap after GC invocations=1201 (full 3):
 PSYoungGen      total 5632K, used 2291K [0x00000000d5580000, 0x00000000d5e00000, 0x0000000100000000)
  eden space 3072K, 0% used [0x00000000d5580000,0x00000000d5580000,0x00000000d5880000)
  from space 2560K, 89% used [0x00000000d5b80000,0x00000000d5dbcec8,0x00000000d5e00000)
  to   space 2560K, 0% used [0x00000000d5900000,0x00000000d5900000,0x00000000d5b80000)
 ParOldGen       total 796672K, used 796527K [0x0000000080000000, 0x00000000b0a00000, 0x00000000d5580000)
  object space 796672K, 99% used [0x0000000080000000,0x00000000b09dbf90,0x00000000b0a00000)
 Metaspace       used 72558K, committed 74112K, reserved 1179648K
  class space    used 7627K, committed 8320K, reserved 1048576K
}
Event: 64.726 GC heap before
{Heap before GC invocations=1202 (full 3):
 PSYoungGen      total 5632K, used 5363K [0x00000000d5580000, 0x00000000d5e00000, 0x0000000100000000)
  eden space 3072K, 100% used [0x00000000d5580000,0x00000000d5880000,0x00000000d5880000)
  from space 2560K, 89% used [0x00000000d5b80000,0x00000000d5dbcec8,0x00000000d5e00000)
  to   space 2560K, 0% used [0x00000000d5900000,0x00000000d5900000,0x00000000d5b80000)
 ParOldGen       total 796672K, used 796527K [0x0000000080000000, 0x00000000b0a00000, 0x00000000d5580000)
  object space 796672K, 99% used [0x0000000080000000,0x00000000b09dbf90,0x00000000b0a00000)
 Metaspace       used 72633K, committed 74176K, reserved 1179648K
  class space    used 7647K, committed 8320K, reserved 1048576K
}
Event: 64.729 GC heap after
{Heap after GC invocations=1202 (full 3):
 PSYoungGen      total 5120K, used 1853K [0x00000000d5580000, 0x00000000d5c80000, 0x0000000100000000)
  eden space 3072K, 0% used [0x00000000d5580000,0x00000000d5580000,0x00000000d5880000)
  from space 2048K, 90% used [0x00000000d5900000,0x00000000d5acf678,0x00000000d5b00000)
  to   space 1536K, 0% used [0x00000000d5b00000,0x00000000d5b00000,0x00000000d5c80000)
 ParOldGen       total 798720K, used 798581K [0x0000000080000000, 0x00000000b0c00000, 0x00000000d5580000)
  object space 798720K, 99% used [0x0000000080000000,0x00000000b0bdd5d0,0x00000000b0c00000)
 Metaspace       used 72633K, committed 74176K, reserved 1179648K
  class space    used 7647K, committed 8320K, reserved 1048576K
}
Event: 1216.338 GC heap before
{Heap before GC invocations=1203 (full 3):
 PSYoungGen      total 5120K, used 4925K [0x00000000d5580000, 0x00000000d5c80000, 0x0000000100000000)
  eden space 3072K, 99% used [0x00000000d5580000,0x00000000d587fff8,0x00000000d5880000)
  from space 2048K, 90% used [0x00000000d5900000,0x00000000d5acf678,0x00000000d5b00000)
  to   space 1536K, 0% used [0x00000000d5b00000,0x00000000d5b00000,0x00000000d5c80000)
 ParOldGen       total 798720K, used 798581K [0x0000000080000000, 0x00000000b0c00000, 0x00000000d5580000)
  object space 798720K, 99% used [0x0000000080000000,0x00000000b0bdd5d0,0x00000000b0c00000)
 Metaspace       used 72698K, committed 74240K, reserved 1179648K
  class space    used 7651K, committed 8320K, reserved 1048576K
}
Event: 1216.400 GC heap after
{Heap after GC invocations=1203 (full 3):
 PSYoungGen      total 3584K, used 480K [0x00000000d5580000, 0x00000000d5b80000, 0x0000000100000000)
  eden space 3072K, 0% used [0x00000000d5580000,0x00000000d5580000,0x00000000d5880000)
  from space 512K, 93% used [0x00000000d5b00000,0x00000000d5b78000,0x00000000d5b80000)
  to   space 1024K, 0% used [0x00000000d5980000,0x00000000d5980000,0x00000000d5a80000)
 ParOldGen       total 799744K, used 799413K [0x0000000080000000, 0x00000000b0d00000, 0x00000000d5580000)
  object space 799744K, 99% used [0x0000000080000000,0x00000000b0cad5e0,0x00000000b0d00000)
 Metaspace       used 72698K, committed 74240K, reserved 1179648K
  class space    used 7651K, committed 8320K, reserved 1048576K
}
Event: 33503.556 GC heap before
{Heap before GC invocations=1204 (full 3):
 PSYoungGen      total 3584K, used 3552K [0x00000000d5580000, 0x00000000d5b80000, 0x0000000100000000)
  eden space 3072K, 100% used [0x00000000d5580000,0x00000000d5880000,0x00000000d5880000)
  from space 512K, 93% used [0x00000000d5b00000,0x00000000d5b78000,0x00000000d5b80000)
  to   space 1024K, 0% used [0x00000000d5980000,0x00000000d5980000,0x00000000d5a80000)
 ParOldGen       total 799744K, used 799413K [0x0000000080000000, 0x00000000b0d00000, 0x00000000d5580000)
  object space 799744K, 99% used [0x0000000080000000,0x00000000b0cad5e0,0x00000000b0d00000)
 Metaspace       used 72953K, committed 74496K, reserved 1179648K
  class space    used 7674K, committed 8384K, reserved 1048576K
}
Event: 33503.705 GC heap after
{Heap after GC invocations=1204 (full 3):
 PSYoungGen      total 4096K, used 448K [0x00000000d5580000, 0x00000000d5b80000, 0x0000000100000000)
  eden space 3072K, 0% used [0x00000000d5580000,0x00000000d5580000,0x00000000d5880000)
  from space 1024K, 43% used [0x00000000d5980000,0x00000000d59f0000,0x00000000d5a80000)
  to   space 1024K, 0% used [0x00000000d5a80000,0x00000000d5a80000,0x00000000d5b80000)
 ParOldGen       total 799744K, used 799605K [0x0000000080000000, 0x00000000b0d00000, 0x00000000d5580000)
  object space 799744K, 99% used [0x0000000080000000,0x00000000b0cdd5e0,0x00000000b0d00000)
 Metaspace       used 72953K, committed 74496K, reserved 1179648K
  class space    used 7674K, committed 8384K, reserved 1048576K
}
Event: 33504.776 GC heap before
{Heap before GC invocations=1205 (full 3):
 PSYoungGen      total 4096K, used 3519K [0x00000000d5580000, 0x00000000d5b80000, 0x0000000100000000)
  eden space 3072K, 99% used [0x00000000d5580000,0x00000000d587ffb8,0x00000000d5880000)
  from space 1024K, 43% used [0x00000000d5980000,0x00000000d59f0000,0x00000000d5a80000)
  to   space 1024K, 0% used [0x00000000d5a80000,0x00000000d5a80000,0x00000000d5b80000)
 ParOldGen       total 799744K, used 799605K [0x0000000080000000, 0x00000000b0d00000, 0x00000000d5580000)
  object space 799744K, 99% used [0x0000000080000000,0x00000000b0cdd5e0,0x00000000b0d00000)
 Metaspace       used 73130K, committed 74688K, reserved 1179648K
  class space    used 7697K, committed 8384K, reserved 1048576K
}
Event: 33504.782 GC heap after
{Heap after GC invocations=1205 (full 3):
 PSYoungGen      total 3584K, used 464K [0x00000000d5580000, 0x00000000d5b00000, 0x0000000100000000)
  eden space 3072K, 0% used [0x00000000d5580000,0x00000000d5580000,0x00000000d5880000)
  from space 512K, 90% used [0x00000000d5a80000,0x00000000d5af4030,0x00000000d5b00000)
  to   space 512K, 0% used [0x00000000d5a00000,0x00000000d5a00000,0x00000000d5a80000)
 ParOldGen       total 799744K, used 799693K [0x0000000080000000, 0x00000000b0d00000, 0x00000000d5580000)
  object space 799744K, 99% used [0x0000000080000000,0x00000000b0cf3790,0x00000000b0d00000)
 Metaspace       used 73130K, committed 74688K, reserved 1179648K
  class space    used 7697K, committed 8384K, reserved 1048576K
}
Event: 33505.045 GC heap before
{Heap before GC invocations=1206 (full 3):
 PSYoungGen      total 3584K, used 3536K [0x00000000d5580000, 0x00000000d5b00000, 0x0000000100000000)
  eden space 3072K, 100% used [0x00000000d5580000,0x00000000d5880000,0x00000000d5880000)
  from space 512K, 90% used [0x00000000d5a80000,0x00000000d5af4030,0x00000000d5b00000)
  to   space 512K, 0% used [0x00000000d5a00000,0x00000000d5a00000,0x00000000d5a80000)
 ParOldGen       total 831488K, used 830413K [0x0000000080000000, 0x00000000b2c00000, 0x00000000d5580000)
  object space 831488K, 99% used [0x0000000080000000,0x00000000b2af37c0,0x00000000b2c00000)
 Metaspace       used 73181K, committed 74688K, reserved 1179648K
  class space    used 7701K, committed 8384K, reserved 1048576K
}
Event: 33505.048 GC heap after
{Heap after GC invocations=1206 (full 3):
 PSYoungGen      total 3584K, used 352K [0x00000000d5580000, 0x00000000d5b00000, 0x0000000100000000)
  eden space 3072K, 0% used [0x00000000d5580000,0x00000000d5580000,0x00000000d5880000)
  from space 512K, 68% used [0x00000000d5a00000,0x00000000d5a58000,0x00000000d5a80000)
  to   space 512K, 0% used [0x00000000d5a80000,0x00000000d5a80000,0x00000000d5b00000)
 ParOldGen       total 831488K, used 830678K [0x0000000080000000, 0x00000000b2c00000, 0x00000000d5580000)
  object space 831488K, 99% used [0x0000000080000000,0x00000000b2b35800,0x00000000b2c00000)
 Metaspace       used 73181K, committed 74688K, reserved 1179648K
  class space    used 7701K, committed 8384K, reserved 1048576K
}
Event: 82331.465 GC heap before
{Heap before GC invocations=1207 (full 3):
 PSYoungGen      total 3584K, used 3424K [0x00000000d5580000, 0x00000000d5b00000, 0x0000000100000000)
  eden space 3072K, 100% used [0x00000000d5580000,0x00000000d5880000,0x00000000d5880000)
  from space 512K, 68% used [0x00000000d5a00000,0x00000000d5a58000,0x00000000d5a80000)
  to   space 512K, 0% used [0x00000000d5a80000,0x00000000d5a80000,0x00000000d5b00000)
 ParOldGen       total 831488K, used 830678K [0x0000000080000000, 0x00000000b2c00000, 0x00000000d5580000)
  object space 831488K, 99% used [0x0000000080000000,0x00000000b2b35800,0x00000000b2c00000)
 Metaspace       used 73219K, committed 74816K, reserved 1179648K
  class space    used 7701K, committed 8384K, reserved 1048576K
}
Event: 82331.602 GC heap after
{Heap after GC invocations=1207 (full 3):
 PSYoungGen      total 3584K, used 384K [0x00000000d5580000, 0x00000000d5b00000, 0x0000000100000000)
  eden space 3072K, 0% used [0x00000000d5580000,0x00000000d5580000,0x00000000d5880000)
  from space 512K, 75% used [0x00000000d5a80000,0x00000000d5ae0000,0x00000000d5b00000)
  to   space 512K, 0% used [0x00000000d5a00000,0x00000000d5a00000,0x00000000d5a80000)
 ParOldGen       total 831488K, used 830758K [0x0000000080000000, 0x00000000b2c00000, 0x00000000d5580000)
  object space 831488K, 99% used [0x0000000080000000,0x00000000b2b49800,0x00000000b2c00000)
 Metaspace       used 73219K, committed 74816K, reserved 1179648K
  class space    used 7701K, committed 8384K, reserved 1048576K
}

