# JRE version: OpenJDK Runtime Environment Temurin-21.0.9+10 (21.0.9+10) (build 21.0.9+10-LTS)
# Java VM: OpenJDK 64-Bit Server VM Temurin-21.0.9+10 (21.0.9+10-LTS, mixed mode, sharing, tiered, compressed oops, compressed class ptrs, parallel gc, windows-amd64)
GC Precious Log:
 CardTable entry size: 512
 CPUs: 16 total, 16 available
 Memory: 16052M
 Large Page Support: Disabled
 NUMA Support: Disabled
 Compressed Oops: Enabled (32-bit)
 Alignments: Space 512K, Generation 512K, Heap 2M
 Heap Min Capacity: 100M
 Heap Initial Capacity: 100M
 Heap Max Capacity: 2G
 Pre-touch: Disabled
 Parallel Workers: 13
Heap:
 PSYoungGen      total 10752K, used 3935K [0x00000000d5580000, 0x00000000d6180000, 0x0000000100000000)
  eden space 10240K, 33% used [0x00000000d5580000,0x00000000d58d7f98,0x00000000d5f80000)
  from space 512K, 100% used [0x00000000d6000000,0x00000000d6080000,0x00000000d6080000)
  to   space 1024K, 0% used [0x00000000d6080000,0x00000000d6080000,0x00000000d6180000)
 ParOldGen       total 80384K, used 80252K [0x0000000080000000, 0x0000000084e80000, 0x00000000d5580000)
  object space 80384K, 99% used [0x0000000080000000,0x0000000084e5f238,0x0000000084e80000)
 Metaspace       used 69675K, committed 71168K, reserved 1114112K
  class space    used 7367K, committed 8064K, reserved 1048576K
GC Heap History (20 events):
Event: 55.026 GC heap before
{Heap before GC invocations=89 (full 3):
 PSYoungGen      total 10752K, used 10592K [0x00000000d5580000, 0x00000000d6100000, 0x0000000100000000)
  eden space 10240K, 100% used [0x00000000d5580000,0x00000000d5f80000,0x00000000d5f80000)
  from space 512K, 68% used [0x00000000d6000000,0x00000000d6058000,0x00000000d6080000)
  to   space 512K, 0% used [0x00000000d6080000,0x00000000d6080000,0x00000000d6100000)
 ParOldGen       total 79360K, used 78912K [0x0000000080000000, 0x0000000084d80000, 0x00000000d5580000)
  object space 79360K, 99% used [0x0000000080000000,0x0000000084d10038,0x0000000084d80000)
 Metaspace       used 68516K, committed 70016K, reserved 1114112K
  class space    used 7211K, committed 7872K, reserved 1048576K
}
Event: 55.027 GC heap after
{Heap after GC invocations=89 (full 3):
 PSYoungGen      total 10752K, used 489K [0x00000000d5580000, 0x00000000d6180000, 0x0000000100000000)
  eden space 10240K, 0% used [0x00000000d5580000,0x00000000d5580000,0x00000000d5f80000)
  from space 512K, 95% used [0x00000000d6080000,0x00000000d60fa5f0,0x00000000d6100000)
  to   space 1024K, 0% used [0x00000000d5f80000,0x00000000d5f80000,0x00000000d6080000)
 ParOldGen       total 79360K, used 79016K [0x0000000080000000, 0x0000000084d80000, 0x00000000d5580000)
  object space 79360K, 99% used [0x0000000080000000,0x0000000084d2a038,0x0000000084d80000)
 Metaspace       used 68516K, committed 70016K, reserved 1114112K
  class space    used 7211K, committed 7872K, reserved 1048576K
}
Event: 55.048 GC heap before
{Heap before GC invocations=90 (full 3):
 PSYoungGen      total 10752K, used 10729K [0x00000000d5580000, 0x00000000d6180000, 0x0000000100000000)
  eden space 10240K, 100% used [0x00000000d5580000,0x00000000d5f80000,0x00000000d5f80000)
  from space 512K, 95% used [0x00000000d6080000,0x00000000d60fa5f0,0x00000000d6100000)
  to   space 1024K, 0% used [0x00000000d5f80000,0x00000000d5f80000,0x00000000d6080000)
 ParOldGen       total 79360K, used 79016K [0x0000000080000000, 0x0000000084d80000, 0x00000000d5580000)
  object space 79360K, 99% used [0x0000000080000000,0x0000000084d2a038,0x0000000084d80000)
 Metaspace       used 68520K, committed 70016K, reserved 1114112K
  class space    used 7211K, committed 7872K, reserved 1048576K
}
Event: 55.049 GC heap after
{Heap after GC invocations=90 (full 3):
 PSYoungGen      total 11264K, used 495K [0x00000000d5580000, 0x00000000d6100000, 0x0000000100000000)
  eden space 10240K, 0% used [0x00000000d5580000,0x00000000d5580000,0x00000000d5f80000)
  from space 1024K, 48% used [0x00000000d5f80000,0x00000000d5ffbcc8,0x00000000d6080000)
  to   space 512K, 0% used [0x00000000d6080000,0x00000000d6080000,0x00000000d6100000)
 ParOldGen       total 79360K, used 79104K [0x0000000080000000, 0x0000000084d80000, 0x00000000d5580000)
  object space 79360K, 99% used [0x0000000080000000,0x0000000084d40038,0x0000000084d80000)
 Metaspace       used 68520K, committed 70016K, reserved 1114112K
  class space    used 7211K, committed 7872K, reserved 1048576K
}
Event: 55.069 GC heap before
{Heap before GC invocations=91 (full 3):
 PSYoungGen      total 11264K, used 10735K [0x00000000d5580000, 0x00000000d6100000, 0x0000000100000000)
  eden space 10240K, 100% used [0x00000000d5580000,0x00000000d5f80000,0x00000000d5f80000)
  from space 1024K, 48% used [0x00000000d5f80000,0x00000000d5ffbcc8,0x00000000d6080000)
  to   space 512K, 0% used [0x00000000d6080000,0x00000000d6080000,0x00000000d6100000)
 ParOldGen       total 79360K, used 79104K [0x0000000080000000, 0x0000000084d80000, 0x00000000d5580000)
  object space 79360K, 99% used [0x0000000080000000,0x0000000084d40038,0x0000000084d80000)
 Metaspace       used 68531K, committed 70016K, reserved 1114112K
  class space    used 7211K, committed 7872K, reserved 1048576K
}
Event: 55.070 GC heap after
{Heap after GC invocations=91 (full 3):
 PSYoungGen      total 10752K, used 415K [0x00000000d5580000, 0x00000000d6100000, 0x0000000100000000)
  eden space 10240K, 0% used [0x00000000d5580000,0x00000000d5580000,0x00000000d5f80000)
  from space 512K, 81% used [0x00000000d6080000,0x00000000d60e7fa0,0x00000000d6100000)
  to   space 512K, 0% used [0x00000000d6000000,0x00000000d6000000,0x00000000d6080000)
 ParOldGen       total 79360K, used 79216K [0x0000000080000000, 0x0000000084d80000, 0x00000000d5580000)
  object space 79360K, 99% used [0x0000000080000000,0x0000000084d5c038,0x0000000084d80000)
 Metaspace       used 68531K, committed 70016K, reserved 1114112K
  class space    used 7211K, committed 7872K, reserved 1048576K
}
Event: 55.085 GC heap before
{Heap before GC invocations=92 (full 3):
 PSYoungGen      total 10752K, used 10655K [0x00000000d5580000, 0x00000000d6100000, 0x0000000100000000)
  eden space 10240K, 100% used [0x00000000d5580000,0x00000000d5f80000,0x00000000d5f80000)
  from space 512K, 81% used [0x00000000d6080000,0x00000000d60e7fa0,0x00000000d6100000)
  to   space 512K, 0% used [0x00000000d6000000,0x00000000d6000000,0x00000000d6080000)
 ParOldGen       total 79360K, used 79216K [0x0000000080000000, 0x0000000084d80000, 0x00000000d5580000)
  object space 79360K, 99% used [0x0000000080000000,0x0000000084d5c038,0x0000000084d80000)
 Metaspace       used 68531K, committed 70016K, reserved 1114112K
  class space    used 7211K, committed 7872K, reserved 1048576K
}
Event: 55.086 GC heap after
{Heap after GC invocations=92 (full 3):
 PSYoungGen      total 10752K, used 509K [0x00000000d5580000, 0x00000000d6180000, 0x0000000100000000)
  eden space 10240K, 0% used [0x00000000d5580000,0x00000000d5580000,0x00000000d5f80000)
  from space 512K, 99% used [0x00000000d6000000,0x00000000d607f638,0x00000000d6080000)
  to   space 1024K, 0% used [0x00000000d6080000,0x00000000d6080000,0x00000000d6180000)
 ParOldGen       total 79360K, used 79320K [0x0000000080000000, 0x0000000084d80000, 0x00000000d5580000)
  object space 79360K, 99% used [0x0000000080000000,0x0000000084d76038,0x0000000084d80000)
 Metaspace       used 68531K, committed 70016K, reserved 1114112K
  class space    used 7211K, committed 7872K, reserved 1048576K
}
Event: 55.127 GC heap before
{Heap before GC invocations=93 (full 3):
 PSYoungGen      total 10752K, used 10749K [0x00000000d5580000, 0x00000000d6180000, 0x0000000100000000)
  eden space 10240K, 100% used [0x00000000d5580000,0x00000000d5f80000,0x00000000d5f80000)
  from space 512K, 99% used [0x00000000d6000000,0x00000000d607f638,0x00000000d6080000)
  to   space 1024K, 0% used [0x00000000d6080000,0x00000000d6080000,0x00000000d6180000)
 ParOldGen       total 79360K, used 79320K [0x0000000080000000, 0x0000000084d80000, 0x00000000d5580000)
  object space 79360K, 99% used [0x0000000080000000,0x0000000084d76038,0x0000000084d80000)
 Metaspace       used 68647K, committed 70144K, reserved 1114112K
  class space    used 7224K, committed 7872K, reserved 1048576K
}
Event: 55.128 GC heap after
{Heap after GC invocations=93 (full 3):
 PSYoungGen      total 11264K, used 564K [0x00000000d5580000, 0x00000000d6180000, 0x0000000100000000)
  eden space 10240K, 0% used [0x00000000d5580000,0x00000000d5580000,0x00000000d5f80000)
  from space 1024K, 55% used [0x00000000d6080000,0x00000000d610d200,0x00000000d6180000)
  to   space 1024K, 0% used [0x00000000d5f80000,0x00000000d5f80000,0x00000000d6080000)
 ParOldGen       total 79872K, used 79416K [0x0000000080000000, 0x0000000084e00000, 0x00000000d5580000)
  object space 79872K, 99% used [0x0000000080000000,0x0000000084d8e038,0x0000000084e00000)
 Metaspace       used 68647K, committed 70144K, reserved 1114112K
  class space    used 7224K, committed 7872K, reserved 1048576K
}
Event: 55.146 GC heap before
{Heap before GC invocations=94 (full 3):
 PSYoungGen      total 11264K, used 10804K [0x00000000d5580000, 0x00000000d6180000, 0x0000000100000000)
  eden space 10240K, 100% used [0x00000000d5580000,0x00000000d5f80000,0x00000000d5f80000)
  from space 1024K, 55% used [0x00000000d6080000,0x00000000d610d200,0x00000000d6180000)
  to   space 1024K, 0% used [0x00000000d5f80000,0x00000000d5f80000,0x00000000d6080000)
 ParOldGen       total 79872K, used 79416K [0x0000000080000000, 0x0000000084e00000, 0x00000000d5580000)
  object space 79872K, 99% used [0x0000000080000000,0x0000000084d8e038,0x0000000084e00000)
 Metaspace       used 68648K, committed 70144K, reserved 1114112K
  class space    used 7224K, committed 7872K, reserved 1048576K
}
Event: 55.147 GC heap after
{Heap after GC invocations=94 (full 3):
 PSYoungGen      total 11264K, used 893K [0x00000000d5580000, 0x00000000d6180000, 0x0000000100000000)
  eden space 10240K, 0% used [0x00000000d5580000,0x00000000d5580000,0x00000000d5f80000)
  from space 1024K, 87% used [0x00000000d5f80000,0x00000000d605f4f8,0x00000000d6080000)
  to   space 1024K, 0% used [0x00000000d6080000,0x00000000d6080000,0x00000000d6180000)
 ParOldGen       total 79872K, used 79660K [0x0000000080000000, 0x0000000084e00000, 0x00000000d5580000)
  object space 79872K, 99% used [0x0000000080000000,0x0000000084dcb238,0x0000000084e00000)
 Metaspace       used 68648K, committed 70144K, reserved 1114112K
  class space    used 7224K, committed 7872K, reserved 1048576K
}
Event: 55.182 GC heap before
{Heap before GC invocations=95 (full 3):
 PSYoungGen      total 11264K, used 11133K [0x00000000d5580000, 0x00000000d6180000, 0x0000000100000000)
  eden space 10240K, 100% used [0x00000000d5580000,0x00000000d5f80000,0x00000000d5f80000)
  from space 1024K, 87% used [0x00000000d5f80000,0x00000000d605f4f8,0x00000000d6080000)
  to   space 1024K, 0% used [0x00000000d6080000,0x00000000d6080000,0x00000000d6180000)
 ParOldGen       total 79872K, used 79660K [0x0000000080000000, 0x0000000084e00000, 0x00000000d5580000)
  object space 79872K, 99% used [0x0000000080000000,0x0000000084dcb238,0x0000000084e00000)
 Metaspace       used 68649K, committed 70144K, reserved 1114112K
  class space    used 7224K, committed 7872K, reserved 1048576K
}
Event: 55.183 GC heap after
{Heap after GC invocations=95 (full 3):
 PSYoungGen      total 11264K, used 496K [0x00000000d5580000, 0x00000000d6180000, 0x0000000100000000)
  eden space 10240K, 0% used [0x00000000d5580000,0x00000000d5580000,0x00000000d5f80000)
  from space 1024K, 48% used [0x00000000d6080000,0x00000000d60fc160,0x00000000d6180000)
  to   space 1024K, 0% used [0x00000000d5f80000,0x00000000d5f80000,0x00000000d6080000)
 ParOldGen       total 79872K, used 79740K [0x0000000080000000, 0x0000000084e00000, 0x00000000d5580000)
  object space 79872K, 99% used [0x0000000080000000,0x0000000084ddf238,0x0000000084e00000)
 Metaspace       used 68649K, committed 70144K, reserved 1114112K
  class space    used 7224K, committed 7872K, reserved 1048576K
}
Event: 55.226 GC heap before
{Heap before GC invocations=96 (full 3):
 PSYoungGen      total 11264K, used 10736K [0x00000000d5580000, 0x00000000d6180000, 0x0000000100000000)
  eden space 10240K, 100% used [0x00000000d5580000,0x00000000d5f80000,0x00000000d5f80000)
  from space 1024K, 48% used [0x00000000d6080000,0x00000000d60fc160,0x00000000d6180000)
  to   space 1024K, 0% used [0x00000000d5f80000,0x00000000d5f80000,0x00000000d6080000)
 ParOldGen       total 79872K, used 79740K [0x0000000080000000, 0x0000000084e00000, 0x00000000d5580000)
  object space 79872K, 99% used [0x0000000080000000,0x0000000084ddf238,0x0000000084e00000)
 Metaspace       used 68652K, committed 70144K, reserved 1114112K
  class space    used 7224K, committed 7872K, reserved 1048576K
}
Event: 55.228 GC heap after
{Heap after GC invocations=96 (full 3):
 PSYoungGen      total 11264K, used 448K [0x00000000d5580000, 0x00000000d6100000, 0x0000000100000000)
  eden space 10240K, 0% used [0x00000000d5580000,0x00000000d5580000,0x00000000d5f80000)
  from space 1024K, 43% used [0x00000000d5f80000,0x00000000d5ff0000,0x00000000d6080000)
  to   space 512K, 0% used [0x00000000d6080000,0x00000000d6080000,0x00000000d6100000)
 ParOldGen       total 79872K, used 79852K [0x0000000080000000, 0x0000000084e00000, 0x00000000d5580000)
  object space 79872K, 99% used [0x0000000080000000,0x0000000084dfb238,0x0000000084e00000)
 Metaspace       used 68652K, committed 70144K, reserved 1114112K
  class space    used 7224K, committed 7872K, reserved 1048576K
}
Event: 55.305 GC heap before
{Heap before GC invocations=97 (full 3):
 PSYoungGen      total 11264K, used 10688K [0x00000000d5580000, 0x00000000d6100000, 0x0000000100000000)
  eden space 10240K, 100% used [0x00000000d5580000,0x00000000d5f80000,0x00000000d5f80000)
  from space 1024K, 43% used [0x00000000d5f80000,0x00000000d5ff0000,0x00000000d6080000)
  to   space 512K, 0% used [0x00000000d6080000,0x00000000d6080000,0x00000000d6100000)
 ParOldGen       total 79872K, used 79852K [0x0000000080000000, 0x0000000084e00000, 0x00000000d5580000)
  object space 79872K, 99% used [0x0000000080000000,0x0000000084dfb238,0x0000000084e00000)
 Metaspace       used 68685K, committed 70144K, reserved 1114112K
  class space    used 7224K, committed 7872K, reserved 1048576K
}
Event: 55.307 GC heap after
{Heap after GC invocations=97 (full 3):
 PSYoungGen      total 10752K, used 448K [0x00000000d5580000, 0x00000000d6100000, 0x0000000100000000)
  eden space 10240K, 0% used [0x00000000d5580000,0x00000000d5580000,0x00000000d5f80000)
  from space 512K, 87% used [0x00000000d6080000,0x00000000d60f0000,0x00000000d6100000)
  to   space 512K, 0% used [0x00000000d6000000,0x00000000d6000000,0x00000000d6080000)
 ParOldGen       total 80384K, used 80060K [0x0000000080000000, 0x0000000084e80000, 0x00000000d5580000)
  object space 80384K, 99% used [0x0000000080000000,0x0000000084e2f238,0x0000000084e80000)
 Metaspace       used 68685K, committed 70144K, reserved 1114112K
  class space    used 7224K, committed 7872K, reserved 1048576K
}
Event: 59.245 GC heap before
{Heap before GC invocations=98 (full 3):
 PSYoungGen      total 10752K, used 10687K [0x00000000d5580000, 0x00000000d6100000, 0x0000000100000000)
  eden space 10240K, 99% used [0x00000000d5580000,0x00000000d5f7ffe8,0x00000000d5f80000)
  from space 512K, 87% used [0x00000000d6080000,0x00000000d60f0000,0x00000000d6100000)
  to   space 512K, 0% used [0x00000000d6000000,0x00000000d6000000,0x00000000d6080000)
 ParOldGen       total 80384K, used 80060K [0x0000000080000000, 0x0000000084e80000, 0x00000000d5580000)
  object space 80384K, 99% used [0x0000000080000000,0x0000000084e2f238,0x0000000084e80000)
 Metaspace       used 69312K, committed 70784K, reserved 1114112K
  class space    used 7329K, committed 8000K, reserved 1048576K
}
Event: 59.252 GC heap after
{Heap after GC invocations=98 (full 3):
 PSYoungGen      total 10752K, used 512K [0x00000000d5580000, 0x00000000d6180000, 0x0000000100000000)
  eden space 10240K, 0% used [0x00000000d5580000,0x00000000d5580000,0x00000000d5f80000)
  from space 512K, 100% used [0x00000000d6000000,0x00000000d6080000,0x00000000d6080000)
  to   space 1024K, 0% used [0x00000000d6080000,0x00000000d6080000,0x00000000d6180000)
 ParOldGen       total 80384K, used 80252K [0x0000000080000000, 0x0000000084e80000, 0x00000000d5580000)
  object space 80384K, 99% used [0x0000000080000000,0x0000000084e5f238,0x0000000084e80000)
 Metaspace       used 69312K, committed 70784K, reserved 1114112K
  class space    used 7329K, committed 8000K, reserved 1048576K
}

