# JRE version: OpenJDK Runtime Environment Temurin-21.0.9+10 (21.0.9+10) (build 21.0.9+10-LTS)
# Java VM: OpenJDK 64-Bit Server VM Temurin-21.0.9+10 (21.0.9+10-LTS, mixed mode, sharing, tiered, compressed oops, compressed class ptrs, parallel gc, windows-amd64)
GC Precious Log:
 CardTable entry size: 512
 CPUs: 16 total, 16 available
 Memory: 16052M
 Large Page Support: Disabled
 NUMA Support: Disabled
 Compressed Oops: Enabled (32-bit)
 Alignments: Space 512K, Generation 512K, Heap 2M
 Heap Min Capacity: 100M
 Heap Initial Capacity: 100M
 Heap Max Capacity: 2G
 Pre-touch: Disabled
 Parallel Workers: 13
Heap:
 PSYoungGen      total 14848K, used 2590K [0x00000000d5580000, 0x00000000d6d80000, 0x0000000100000000)
  eden space 14336K, 14% used [0x00000000d5580000,0x00000000d578f9d0,0x00000000d6380000)
  from space 512K, 93% used [0x00000000d6900000,0x00000000d6978220,0x00000000d6980000)
  to   space 5120K, 0% used [0x00000000d6380000,0x00000000d6380000,0x00000000d6880000)
 ParOldGen       total 68608K, used 38390K [0x0000000080000000, 0x0000000084300000, 0x00000000d5580000)
  object space 68608K, 55% used [0x0000000080000000,0x000000008257d890,0x0000000084300000)
 Metaspace       used 48043K, committed 49344K, reserved 1114112K
  class space    used 5227K, committed 5760K, reserved 1048576K
GC Heap History (20 events):
Event: 3.580 GC heap before
{Heap before GC invocations=17 (full 2):
 PSYoungGen      total 16384K, used 16384K [0x00000000d5580000, 0x00000000d8100000, 0x0000000100000000)
  eden space 14336K, 100% used [0x00000000d5580000,0x00000000d6380000,0x00000000d6380000)
  from space 2048K, 100% used [0x00000000d6e80000,0x00000000d7080000,0x00000000d7080000)
  to   space 11264K, 0% used [0x00000000d6380000,0x00000000d6380000,0x00000000d6e80000)
 ParOldGen       total 68608K, used 26982K [0x0000000080000000, 0x0000000084300000, 0x00000000d5580000)
  object space 68608K, 39% used [0x0000000080000000,0x0000000081a59978,0x0000000084300000)
 Metaspace       used 37854K, committed 39104K, reserved 1114112K
  class space    used 3944K, committed 4480K, reserved 1048576K
}
Event: 3.583 GC heap after
{Heap after GC invocations=17 (full 2):
 PSYoungGen      total 16384K, used 1856K [0x00000000d5580000, 0x00000000d6f00000, 0x0000000100000000)
  eden space 14336K, 0% used [0x00000000d5580000,0x00000000d5580000,0x00000000d6380000)
  from space 2048K, 90% used [0x00000000d6380000,0x00000000d6550000,0x00000000d6580000)
  to   space 4608K, 0% used [0x00000000d6a80000,0x00000000d6a80000,0x00000000d6f00000)
 ParOldGen       total 68608K, used 29020K [0x0000000080000000, 0x0000000084300000, 0x00000000d5580000)
  object space 68608K, 42% used [0x0000000080000000,0x0000000081c57208,0x0000000084300000)
 Metaspace       used 37854K, committed 39104K, reserved 1114112K
  class space    used 3944K, committed 4480K, reserved 1048576K
}
Event: 4.042 GC heap before
{Heap before GC invocations=18 (full 2):
 PSYoungGen      total 16384K, used 16192K [0x00000000d5580000, 0x00000000d6f00000, 0x0000000100000000)
  eden space 14336K, 100% used [0x00000000d5580000,0x00000000d6380000,0x00000000d6380000)
  from space 2048K, 90% used [0x00000000d6380000,0x00000000d6550000,0x00000000d6580000)
  to   space 4608K, 0% used [0x00000000d6a80000,0x00000000d6a80000,0x00000000d6f00000)
 ParOldGen       total 68608K, used 29020K [0x0000000080000000, 0x0000000084300000, 0x00000000d5580000)
  object space 68608K, 42% used [0x0000000080000000,0x0000000081c57208,0x0000000084300000)
 Metaspace       used 38780K, committed 40064K, reserved 1114112K
  class space    used 4089K, committed 4672K, reserved 1048576K
}
Event: 4.045 GC heap after
{Heap after GC invocations=18 (full 2):
 PSYoungGen      total 15360K, used 608K [0x00000000d5580000, 0x00000000d6b80000, 0x0000000100000000)
  eden space 14336K, 0% used [0x00000000d5580000,0x00000000d5580000,0x00000000d6380000)
  from space 1024K, 59% used [0x00000000d6a80000,0x00000000d6b18000,0x00000000d6b80000)
  to   space 1536K, 0% used [0x00000000d6880000,0x00000000d6880000,0x00000000d6a00000)
 ParOldGen       total 68608K, used 30601K [0x0000000080000000, 0x0000000084300000, 0x00000000d5580000)
  object space 68608K, 44% used [0x0000000080000000,0x0000000081de2418,0x0000000084300000)
 Metaspace       used 38780K, committed 40064K, reserved 1114112K
  class space    used 4089K, committed 4672K, reserved 1048576K
}
Event: 4.206 GC heap before
{Heap before GC invocations=19 (full 2):
 PSYoungGen      total 15360K, used 14944K [0x00000000d5580000, 0x00000000d6b80000, 0x0000000100000000)
  eden space 14336K, 100% used [0x00000000d5580000,0x00000000d6380000,0x00000000d6380000)
  from space 1024K, 59% used [0x00000000d6a80000,0x00000000d6b18000,0x00000000d6b80000)
  to   space 1536K, 0% used [0x00000000d6880000,0x00000000d6880000,0x00000000d6a00000)
 ParOldGen       total 68608K, used 30601K [0x0000000080000000, 0x0000000084300000, 0x00000000d5580000)
  object space 68608K, 44% used [0x0000000080000000,0x0000000081de2418,0x0000000084300000)
 Metaspace       used 39822K, committed 41088K, reserved 1114112K
  class space    used 4218K, committed 4800K, reserved 1048576K
}
Event: 4.208 GC heap after
{Heap after GC invocations=19 (full 2):
 PSYoungGen      total 15872K, used 672K [0x00000000d5580000, 0x00000000d6b00000, 0x0000000100000000)
  eden space 14336K, 0% used [0x00000000d5580000,0x00000000d5580000,0x00000000d6380000)
  from space 1536K, 43% used [0x00000000d6880000,0x00000000d6928000,0x00000000d6a00000)
  to   space 1024K, 0% used [0x00000000d6a00000,0x00000000d6a00000,0x00000000d6b00000)
 ParOldGen       total 68608K, used 30977K [0x0000000080000000, 0x0000000084300000, 0x00000000d5580000)
  object space 68608K, 45% used [0x0000000080000000,0x0000000081e40418,0x0000000084300000)
 Metaspace       used 39822K, committed 41088K, reserved 1114112K
  class space    used 4218K, committed 4800K, reserved 1048576K
}
Event: 4.420 GC heap before
{Heap before GC invocations=20 (full 2):
 PSYoungGen      total 15872K, used 15008K [0x00000000d5580000, 0x00000000d6b00000, 0x0000000100000000)
  eden space 14336K, 100% used [0x00000000d5580000,0x00000000d6380000,0x00000000d6380000)
  from space 1536K, 43% used [0x00000000d6880000,0x00000000d6928000,0x00000000d6a00000)
  to   space 1024K, 0% used [0x00000000d6a00000,0x00000000d6a00000,0x00000000d6b00000)
 ParOldGen       total 68608K, used 30977K [0x0000000080000000, 0x0000000084300000, 0x00000000d5580000)
  object space 68608K, 45% used [0x0000000080000000,0x0000000081e40418,0x0000000084300000)
 Metaspace       used 41339K, committed 42624K, reserved 1114112K
  class space    used 4409K, committed 4992K, reserved 1048576K
}
Event: 4.420 GC heap after
{Heap after GC invocations=20 (full 2):
 PSYoungGen      total 15360K, used 834K [0x00000000d5580000, 0x00000000d6b00000, 0x0000000100000000)
  eden space 14336K, 0% used [0x00000000d5580000,0x00000000d5580000,0x00000000d6380000)
  from space 1024K, 81% used [0x00000000d6a00000,0x00000000d6ad0a10,0x00000000d6b00000)
  to   space 1024K, 0% used [0x00000000d6900000,0x00000000d6900000,0x00000000d6a00000)
 ParOldGen       total 68608K, used 31321K [0x0000000080000000, 0x0000000084300000, 0x00000000d5580000)
  object space 68608K, 45% used [0x0000000080000000,0x0000000081e96418,0x0000000084300000)
 Metaspace       used 41339K, committed 42624K, reserved 1114112K
  class space    used 4409K, committed 4992K, reserved 1048576K
}
Event: 4.701 GC heap before
{Heap before GC invocations=21 (full 2):
 PSYoungGen      total 15360K, used 15170K [0x00000000d5580000, 0x00000000d6b00000, 0x0000000100000000)
  eden space 14336K, 100% used [0x00000000d5580000,0x00000000d6380000,0x00000000d6380000)
  from space 1024K, 81% used [0x00000000d6a00000,0x00000000d6ad0a10,0x00000000d6b00000)
  to   space 1024K, 0% used [0x00000000d6900000,0x00000000d6900000,0x00000000d6a00000)
 ParOldGen       total 68608K, used 31321K [0x0000000080000000, 0x0000000084300000, 0x00000000d5580000)
  object space 68608K, 45% used [0x0000000080000000,0x0000000081e96418,0x0000000084300000)
 Metaspace       used 42875K, committed 44160K, reserved 1114112K
  class space    used 4612K, committed 5184K, reserved 1048576K
}
Event: 4.704 GC heap after
{Heap after GC invocations=21 (full 2):
 PSYoungGen      total 15360K, used 1024K [0x00000000d5580000, 0x00000000d6a80000, 0x0000000100000000)
  eden space 14336K, 0% used [0x00000000d5580000,0x00000000d5580000,0x00000000d6380000)
  from space 1024K, 100% used [0x00000000d6900000,0x00000000d6a00000,0x00000000d6a00000)
  to   space 512K, 0% used [0x00000000d6a00000,0x00000000d6a00000,0x00000000d6a80000)
 ParOldGen       total 68608K, used 31809K [0x0000000080000000, 0x0000000084300000, 0x00000000d5580000)
  object space 68608K, 46% used [0x0000000080000000,0x0000000081f10418,0x0000000084300000)
 Metaspace       used 42875K, committed 44160K, reserved 1114112K
  class space    used 4612K, committed 5184K, reserved 1048576K
}
Event: 4.960 GC heap before
{Heap before GC invocations=22 (full 2):
 PSYoungGen      total 15360K, used 15360K [0x00000000d5580000, 0x00000000d6a80000, 0x0000000100000000)
  eden space 14336K, 100% used [0x00000000d5580000,0x00000000d6380000,0x00000000d6380000)
  from space 1024K, 100% used [0x00000000d6900000,0x00000000d6a00000,0x00000000d6a00000)
  to   space 512K, 0% used [0x00000000d6a00000,0x00000000d6a00000,0x00000000d6a80000)
 ParOldGen       total 68608K, used 31809K [0x0000000080000000, 0x0000000084300000, 0x00000000d5580000)
  object space 68608K, 46% used [0x0000000080000000,0x0000000081f10418,0x0000000084300000)
 Metaspace       used 44653K, committed 45952K, reserved 1114112K
  class space    used 4858K, committed 5440K, reserved 1048576K
}
Event: 4.964 GC heap after
{Heap after GC invocations=22 (full 2):
 PSYoungGen      total 14848K, used 512K [0x00000000d5580000, 0x00000000d6a80000, 0x0000000100000000)
  eden space 14336K, 0% used [0x00000000d5580000,0x00000000d5580000,0x00000000d6380000)
  from space 512K, 100% used [0x00000000d6a00000,0x00000000d6a80000,0x00000000d6a80000)
  to   space 2048K, 0% used [0x00000000d6680000,0x00000000d6680000,0x00000000d6880000)
 ParOldGen       total 68608K, used 32932K [0x0000000080000000, 0x0000000084300000, 0x00000000d5580000)
  object space 68608K, 48% used [0x0000000080000000,0x0000000082029148,0x0000000084300000)
 Metaspace       used 44653K, committed 45952K, reserved 1114112K
  class space    used 4858K, committed 5440K, reserved 1048576K
}
Event: 5.243 GC heap before
{Heap before GC invocations=23 (full 2):
 PSYoungGen      total 14848K, used 14848K [0x00000000d5580000, 0x00000000d6a80000, 0x0000000100000000)
  eden space 14336K, 100% used [0x00000000d5580000,0x00000000d6380000,0x00000000d6380000)
  from space 512K, 100% used [0x00000000d6a00000,0x00000000d6a80000,0x00000000d6a80000)
  to   space 2048K, 0% used [0x00000000d6680000,0x00000000d6680000,0x00000000d6880000)
 ParOldGen       total 68608K, used 32932K [0x0000000080000000, 0x0000000084300000, 0x00000000d5580000)
  object space 68608K, 48% used [0x0000000080000000,0x0000000082029148,0x0000000084300000)
 Metaspace       used 46263K, committed 47552K, reserved 1114112K
  class space    used 5049K, committed 5632K, reserved 1048576K
}
Event: 5.246 GC heap after
{Heap after GC invocations=23 (full 2):
 PSYoungGen      total 16384K, used 1113K [0x00000000d5580000, 0x00000000d6a80000, 0x0000000100000000)
  eden space 14336K, 0% used [0x00000000d5580000,0x00000000d5580000,0x00000000d6380000)
  from space 2048K, 54% used [0x00000000d6680000,0x00000000d67965e0,0x00000000d6880000)
  to   space 1536K, 0% used [0x00000000d6900000,0x00000000d6900000,0x00000000d6a80000)
 ParOldGen       total 68608K, used 33452K [0x0000000080000000, 0x0000000084300000, 0x00000000d5580000)
  object space 68608K, 48% used [0x0000000080000000,0x00000000820ab148,0x0000000084300000)
 Metaspace       used 46263K, committed 47552K, reserved 1114112K
  class space    used 5049K, committed 5632K, reserved 1048576K
}
Event: 5.579 GC heap before
{Heap before GC invocations=24 (full 2):
 PSYoungGen      total 16384K, used 15449K [0x00000000d5580000, 0x00000000d6a80000, 0x0000000100000000)
  eden space 14336K, 99% used [0x00000000d5580000,0x00000000d637fff0,0x00000000d6380000)
  from space 2048K, 54% used [0x00000000d6680000,0x00000000d67965e0,0x00000000d6880000)
  to   space 1536K, 0% used [0x00000000d6900000,0x00000000d6900000,0x00000000d6a80000)
 ParOldGen       total 68608K, used 33452K [0x0000000080000000, 0x0000000084300000, 0x00000000d5580000)
  object space 68608K, 48% used [0x0000000080000000,0x00000000820ab148,0x0000000084300000)
 Metaspace       used 46812K, committed 48064K, reserved 1114112K
  class space    used 5100K, committed 5632K, reserved 1048576K
}
Event: 5.581 GC heap after
{Heap after GC invocations=24 (full 2):
 PSYoungGen      total 15360K, used 518K [0x00000000d5580000, 0x00000000d6a00000, 0x0000000100000000)
  eden space 14336K, 0% used [0x00000000d5580000,0x00000000d5580000,0x00000000d6380000)
  from space 1024K, 50% used [0x00000000d6900000,0x00000000d6981b48,0x00000000d6a00000)
  to   space 1024K, 0% used [0x00000000d6800000,0x00000000d6800000,0x00000000d6900000)
 ParOldGen       total 68608K, used 34367K [0x0000000080000000, 0x0000000084300000, 0x00000000d5580000)
  object space 68608K, 50% used [0x0000000080000000,0x000000008218fdf8,0x0000000084300000)
 Metaspace       used 46812K, committed 48064K, reserved 1114112K
  class space    used 5100K, committed 5632K, reserved 1048576K
}
Event: 5.735 GC heap before
{Heap before GC invocations=25 (full 2):
 PSYoungGen      total 15360K, used 14854K [0x00000000d5580000, 0x00000000d6a00000, 0x0000000100000000)
  eden space 14336K, 100% used [0x00000000d5580000,0x00000000d6380000,0x00000000d6380000)
  from space 1024K, 50% used [0x00000000d6900000,0x00000000d6981b48,0x00000000d6a00000)
  to   space 1024K, 0% used [0x00000000d6800000,0x00000000d6800000,0x00000000d6900000)
 ParOldGen       total 68608K, used 34367K [0x0000000080000000, 0x0000000084300000, 0x00000000d5580000)
  object space 68608K, 50% used [0x0000000080000000,0x000000008218fdf8,0x0000000084300000)
 Metaspace       used 46927K, committed 48256K, reserved 1114112K
  class space    used 5114K, committed 5696K, reserved 1048576K
}
Event: 5.737 GC heap after
{Heap after GC invocations=25 (full 2):
 PSYoungGen      total 15360K, used 704K [0x00000000d5580000, 0x00000000d6980000, 0x0000000100000000)
  eden space 14336K, 0% used [0x00000000d5580000,0x00000000d5580000,0x00000000d6380000)
  from space 1024K, 68% used [0x00000000d6800000,0x00000000d68b0000,0x00000000d6900000)
  to   space 512K, 0% used [0x00000000d6900000,0x00000000d6900000,0x00000000d6980000)
 ParOldGen       total 68608K, used 34565K [0x0000000080000000, 0x0000000084300000, 0x00000000d5580000)
  object space 68608K, 50% used [0x0000000080000000,0x00000000821c15c0,0x0000000084300000)
 Metaspace       used 46927K, committed 48256K, reserved 1114112K
  class space    used 5114K, committed 5696K, reserved 1048576K
}
Event: 6.024 GC heap before
{Heap before GC invocations=26 (full 2):
 PSYoungGen      total 15360K, used 15040K [0x00000000d5580000, 0x00000000d6980000, 0x0000000100000000)
  eden space 14336K, 100% used [0x00000000d5580000,0x00000000d6380000,0x00000000d6380000)
  from space 1024K, 68% used [0x00000000d6800000,0x00000000d68b0000,0x00000000d6900000)
  to   space 512K, 0% used [0x00000000d6900000,0x00000000d6900000,0x00000000d6980000)
 ParOldGen       total 68608K, used 34565K [0x0000000080000000, 0x0000000084300000, 0x00000000d5580000)
  object space 68608K, 50% used [0x0000000080000000,0x00000000821c15c0,0x0000000084300000)
 Metaspace       used 47843K, committed 49088K, reserved 1114112K
  class space    used 5208K, committed 5760K, reserved 1048576K
}
Event: 6.027 GC heap after
{Heap after GC invocations=26 (full 2):
 PSYoungGen      total 14848K, used 480K [0x00000000d5580000, 0x00000000d6d80000, 0x0000000100000000)
  eden space 14336K, 0% used [0x00000000d5580000,0x00000000d5580000,0x00000000d6380000)
  from space 512K, 93% used [0x00000000d6900000,0x00000000d6978220,0x00000000d6980000)
  to   space 5120K, 0% used [0x00000000d6380000,0x00000000d6380000,0x00000000d6880000)
 ParOldGen       total 68608K, used 38390K [0x0000000080000000, 0x0000000084300000, 0x00000000d5580000)
  object space 68608K, 55% used [0x0000000080000000,0x000000008257d890,0x0000000084300000)
 Metaspace       used 47843K, committed 49088K, reserved 1114112K
  class space    used 5208K, committed 5760K, reserved 1048576K
}

