# JRE version: OpenJDK Runtime Environment Temurin-21.0.9+10 (21.0.9+10) (build 21.0.9+10-LTS)
# Java VM: OpenJDK 64-Bit Server VM Temurin-21.0.9+10 (21.0.9+10-LTS, mixed mode, sharing, tiered, compressed oops, compressed class ptrs, parallel gc, windows-amd64)
GC Precious Log:
 CardTable entry size: 512
 CPUs: 16 total, 16 available
 Memory: 16052M
 Large Page Support: Disabled
 NUMA Support: Disabled
 Compressed Oops: Enabled (32-bit)
 Alignments: Space 512K, Generation 512K, Heap 2M
 Heap Min Capacity: 100M
 Heap Initial Capacity: 100M
 Heap Max Capacity: 2G
 Pre-touch: Disabled
 Parallel Workers: 13
Heap:
 PSYoungGen      total 23040K, used 17043K [0x00000000d5580000, 0x00000000d7000000, 0x0000000100000000)
  eden space 22016K, 73% used [0x00000000d5580000,0x00000000d653cc68,0x00000000d6b00000)
  from space 1024K, 90% used [0x00000000d6f00000,0x00000000d6fe8000,0x00000000d7000000)
  to   space 1536K, 0% used [0x00000000d6d00000,0x00000000d6d00000,0x00000000d6e80000)
 ParOldGen       total 68608K, used 34498K [0x0000000080000000, 0x0000000084300000, 0x00000000d5580000)
  object space 68608K, 50% used [0x0000000080000000,0x00000000821b09a8,0x0000000084300000)
 Metaspace       used 48500K, committed 49856K, reserved 1114112K
  class space    used 5276K, committed 5888K, reserved 1048576K
GC Heap History (20 events):
Event: 2.752 GC heap before
{Heap before GC invocations=13 (full 1):
 PSYoungGen      total 25088K, used 24769K [0x00000000d5580000, 0x00000000d7180000, 0x0000000100000000)
  eden space 22528K, 100% used [0x00000000d5580000,0x00000000d6b80000,0x00000000d6b80000)
  from space 2560K, 87% used [0x00000000d6c00000,0x00000000d6e306e0,0x00000000d6e80000)
  to   space 3072K, 0% used [0x00000000d6e80000,0x00000000d6e80000,0x00000000d7180000)
 ParOldGen       total 68608K, used 15808K [0x0000000080000000, 0x0000000084300000, 0x00000000d5580000)
  object space 68608K, 23% used [0x0000000080000000,0x0000000080f70060,0x0000000084300000)
 Metaspace       used 33883K, committed 35008K, reserved 1114112K
  class space    used 3438K, committed 3904K, reserved 1048576K
}
Event: 2.755 GC heap after
{Heap after GC invocations=13 (full 1):
 PSYoungGen      total 24576K, used 2368K [0x00000000d5580000, 0x00000000d7100000, 0x0000000100000000)
  eden space 22016K, 0% used [0x00000000d5580000,0x00000000d5580000,0x00000000d6b00000)
  from space 2560K, 92% used [0x00000000d6e80000,0x00000000d70d0000,0x00000000d7100000)
  to   space 2560K, 0% used [0x00000000d6c00000,0x00000000d6c00000,0x00000000d6e80000)
 ParOldGen       total 68608K, used 17788K [0x0000000080000000, 0x0000000084300000, 0x00000000d5580000)
  object space 68608K, 25% used [0x0000000080000000,0x000000008115f270,0x0000000084300000)
 Metaspace       used 33883K, committed 35008K, reserved 1114112K
  class space    used 3438K, committed 3904K, reserved 1048576K
}
Event: 2.839 GC heap before
{Heap before GC invocations=14 (full 1):
 PSYoungGen      total 24576K, used 9809K [0x00000000d5580000, 0x00000000d7100000, 0x0000000100000000)
  eden space 22016K, 33% used [0x00000000d5580000,0x00000000d5cc4430,0x00000000d6b00000)
  from space 2560K, 92% used [0x00000000d6e80000,0x00000000d70d0000,0x00000000d7100000)
  to   space 2560K, 0% used [0x00000000d6c00000,0x00000000d6c00000,0x00000000d6e80000)
 ParOldGen       total 68608K, used 17788K [0x0000000080000000, 0x0000000084300000, 0x00000000d5580000)
  object space 68608K, 25% used [0x0000000080000000,0x000000008115f270,0x0000000084300000)
 Metaspace       used 34724K, committed 35840K, reserved 1114112K
  class space    used 3527K, committed 4032K, reserved 1048576K
}
Event: 2.841 GC heap after
{Heap after GC invocations=14 (full 1):
 PSYoungGen      total 23040K, used 886K [0x00000000d5580000, 0x00000000d6f00000, 0x0000000100000000)
  eden space 22016K, 0% used [0x00000000d5580000,0x00000000d5580000,0x00000000d6b00000)
  from space 1024K, 86% used [0x00000000d6c00000,0x00000000d6cdd880,0x00000000d6d00000)
  to   space 1536K, 0% used [0x00000000d6d80000,0x00000000d6d80000,0x00000000d6f00000)
 ParOldGen       total 68608K, used 19871K [0x0000000080000000, 0x0000000084300000, 0x00000000d5580000)
  object space 68608K, 28% used [0x0000000080000000,0x0000000081367c38,0x0000000084300000)
 Metaspace       used 34724K, committed 35840K, reserved 1114112K
  class space    used 3527K, committed 4032K, reserved 1048576K
}
Event: 2.841 GC heap before
{Heap before GC invocations=15 (full 2):
 PSYoungGen      total 23040K, used 886K [0x00000000d5580000, 0x00000000d6f00000, 0x0000000100000000)
  eden space 22016K, 0% used [0x00000000d5580000,0x00000000d5580000,0x00000000d6b00000)
  from space 1024K, 86% used [0x00000000d6c00000,0x00000000d6cdd880,0x00000000d6d00000)
  to   space 1536K, 0% used [0x00000000d6d80000,0x00000000d6d80000,0x00000000d6f00000)
 ParOldGen       total 68608K, used 19871K [0x0000000080000000, 0x0000000084300000, 0x00000000d5580000)
  object space 68608K, 28% used [0x0000000080000000,0x0000000081367c38,0x0000000084300000)
 Metaspace       used 34724K, committed 35840K, reserved 1114112K
  class space    used 3527K, committed 4032K, reserved 1048576K
}
Event: 2.862 GC heap after
{Heap after GC invocations=15 (full 2):
 PSYoungGen      total 23040K, used 0K [0x00000000d5580000, 0x00000000d6f00000, 0x0000000100000000)
  eden space 22016K, 0% used [0x00000000d5580000,0x00000000d5580000,0x00000000d6b00000)
  from space 1024K, 0% used [0x00000000d6c00000,0x00000000d6c00000,0x00000000d6d00000)
  to   space 1536K, 0% used [0x00000000d6d80000,0x00000000d6d80000,0x00000000d6f00000)
 ParOldGen       total 68608K, used 19668K [0x0000000080000000, 0x0000000084300000, 0x00000000d5580000)
  object space 68608K, 28% used [0x0000000080000000,0x0000000081335280,0x0000000084300000)
 Metaspace       used 34724K, committed 35840K, reserved 1114112K
  class space    used 3527K, committed 4032K, reserved 1048576K
}
Event: 3.157 GC heap before
{Heap before GC invocations=16 (full 2):
 PSYoungGen      total 23040K, used 22016K [0x00000000d5580000, 0x00000000d6f00000, 0x0000000100000000)
  eden space 22016K, 100% used [0x00000000d5580000,0x00000000d6b00000,0x00000000d6b00000)
  from space 1024K, 0% used [0x00000000d6c00000,0x00000000d6c00000,0x00000000d6d00000)
  to   space 1536K, 0% used [0x00000000d6d80000,0x00000000d6d80000,0x00000000d6f00000)
 ParOldGen       total 68608K, used 19668K [0x0000000080000000, 0x0000000084300000, 0x00000000d5580000)
  object space 68608K, 28% used [0x0000000080000000,0x0000000081335280,0x0000000084300000)
 Metaspace       used 36329K, committed 37440K, reserved 1114112K
  class space    used 3731K, committed 4224K, reserved 1048576K
}
Event: 4.184 GC heap after
{Heap after GC invocations=16 (full 2):
 PSYoungGen      total 23552K, used 1536K [0x00000000d5580000, 0x00000000d6f00000, 0x0000000100000000)
  eden space 22016K, 0% used [0x00000000d5580000,0x00000000d5580000,0x00000000d6b00000)
  from space 1536K, 100% used [0x00000000d6d80000,0x00000000d6f00000,0x00000000d6f00000)
  to   space 1024K, 0% used [0x00000000d6c00000,0x00000000d6c00000,0x00000000d6d00000)
 ParOldGen       total 68608K, used 26878K [0x0000000080000000, 0x0000000084300000, 0x00000000d5580000)
  object space 68608K, 39% used [0x0000000080000000,0x0000000081a3f978,0x0000000084300000)
 Metaspace       used 36329K, committed 37440K, reserved 1114112K
  class space    used 3731K, committed 4224K, reserved 1048576K
}
Event: 5.002 GC heap before
{Heap before GC invocations=17 (full 2):
 PSYoungGen      total 23552K, used 23552K [0x00000000d5580000, 0x00000000d6f00000, 0x0000000100000000)
  eden space 22016K, 100% used [0x00000000d5580000,0x00000000d6b00000,0x00000000d6b00000)
  from space 1536K, 100% used [0x00000000d6d80000,0x00000000d6f00000,0x00000000d6f00000)
  to   space 1024K, 0% used [0x00000000d6c00000,0x00000000d6c00000,0x00000000d6d00000)
 ParOldGen       total 68608K, used 26878K [0x0000000080000000, 0x0000000084300000, 0x00000000d5580000)
  object space 68608K, 39% used [0x0000000080000000,0x0000000081a3f978,0x0000000084300000)
 Metaspace       used 38563K, committed 39744K, reserved 1114112K
  class space    used 4054K, committed 4608K, reserved 1048576K
}
Event: 6.009 GC heap after
{Heap after GC invocations=17 (full 2):
 PSYoungGen      total 23040K, used 1024K [0x00000000d5580000, 0x00000000d7700000, 0x0000000100000000)
  eden space 22016K, 0% used [0x00000000d5580000,0x00000000d5580000,0x00000000d6b00000)
  from space 1024K, 100% used [0x00000000d6c00000,0x00000000d6d00000,0x00000000d6d00000)
  to   space 6144K, 0% used [0x00000000d7100000,0x00000000d7100000,0x00000000d7700000)
 ParOldGen       total 68608K, used 29863K [0x0000000080000000, 0x0000000084300000, 0x00000000d5580000)
  object space 68608K, 43% used [0x0000000080000000,0x0000000081d29ce8,0x0000000084300000)
 Metaspace       used 38563K, committed 39744K, reserved 1114112K
  class space    used 4054K, committed 4608K, reserved 1048576K
}
Event: 6.309 GC heap before
{Heap before GC invocations=18 (full 2):
 PSYoungGen      total 23040K, used 23040K [0x00000000d5580000, 0x00000000d7700000, 0x0000000100000000)
  eden space 22016K, 100% used [0x00000000d5580000,0x00000000d6b00000,0x00000000d6b00000)
  from space 1024K, 100% used [0x00000000d6c00000,0x00000000d6d00000,0x00000000d6d00000)
  to   space 6144K, 0% used [0x00000000d7100000,0x00000000d7100000,0x00000000d7700000)
 ParOldGen       total 68608K, used 29863K [0x0000000080000000, 0x0000000084300000, 0x00000000d5580000)
  object space 68608K, 43% used [0x0000000080000000,0x0000000081d29ce8,0x0000000084300000)
 Metaspace       used 39816K, committed 40960K, reserved 1114112K
  class space    used 4219K, committed 4736K, reserved 1048576K
}
Event: 6.311 GC heap after
{Heap after GC invocations=18 (full 2):
 PSYoungGen      total 23040K, used 672K [0x00000000d5580000, 0x00000000d7200000, 0x0000000100000000)
  eden space 22016K, 0% used [0x00000000d5580000,0x00000000d5580000,0x00000000d6b00000)
  from space 1024K, 65% used [0x00000000d7100000,0x00000000d71a8000,0x00000000d7200000)
  to   space 2560K, 0% used [0x00000000d6d00000,0x00000000d6d00000,0x00000000d6f80000)
 ParOldGen       total 68608K, used 30934K [0x0000000080000000, 0x0000000084300000, 0x00000000d5580000)
  object space 68608K, 45% used [0x0000000080000000,0x0000000081e35820,0x0000000084300000)
 Metaspace       used 39816K, committed 40960K, reserved 1114112K
  class space    used 4219K, committed 4736K, reserved 1048576K
}
Event: 6.647 GC heap before
{Heap before GC invocations=19 (full 2):
 PSYoungGen      total 23040K, used 22688K [0x00000000d5580000, 0x00000000d7200000, 0x0000000100000000)
  eden space 22016K, 100% used [0x00000000d5580000,0x00000000d6b00000,0x00000000d6b00000)
  from space 1024K, 65% used [0x00000000d7100000,0x00000000d71a8000,0x00000000d7200000)
  to   space 2560K, 0% used [0x00000000d6d00000,0x00000000d6d00000,0x00000000d6f80000)
 ParOldGen       total 68608K, used 30934K [0x0000000080000000, 0x0000000084300000, 0x00000000d5580000)
  object space 68608K, 45% used [0x0000000080000000,0x0000000081e35820,0x0000000084300000)
 Metaspace       used 42195K, committed 43392K, reserved 1114112K
  class space    used 4522K, committed 5056K, reserved 1048576K
}
Event: 6.650 GC heap after
{Heap after GC invocations=19 (full 2):
 PSYoungGen      total 24576K, used 1120K [0x00000000d5580000, 0x00000000d7180000, 0x0000000100000000)
  eden space 22016K, 0% used [0x00000000d5580000,0x00000000d5580000,0x00000000d6b00000)
  from space 2560K, 43% used [0x00000000d6d00000,0x00000000d6e18000,0x00000000d6f80000)
  to   space 1536K, 0% used [0x00000000d7000000,0x00000000d7000000,0x00000000d7180000)
 ParOldGen       total 68608K, used 31374K [0x0000000080000000, 0x0000000084300000, 0x00000000d5580000)
  object space 68608K, 45% used [0x0000000080000000,0x0000000081ea3820,0x0000000084300000)
 Metaspace       used 42195K, committed 43392K, reserved 1114112K
  class space    used 4522K, committed 5056K, reserved 1048576K
}
Event: 7.049 GC heap before
{Heap before GC invocations=20 (full 2):
 PSYoungGen      total 24576K, used 23136K [0x00000000d5580000, 0x00000000d7180000, 0x0000000100000000)
  eden space 22016K, 100% used [0x00000000d5580000,0x00000000d6b00000,0x00000000d6b00000)
  from space 2560K, 43% used [0x00000000d6d00000,0x00000000d6e18000,0x00000000d6f80000)
  to   space 1536K, 0% used [0x00000000d7000000,0x00000000d7000000,0x00000000d7180000)
 ParOldGen       total 68608K, used 31374K [0x0000000080000000, 0x0000000084300000, 0x00000000d5580000)
  object space 68608K, 45% used [0x0000000080000000,0x0000000081ea3820,0x0000000084300000)
 Metaspace       used 44787K, committed 46016K, reserved 1114112K
  class space    used 4876K, committed 5440K, reserved 1048576K
}
Event: 7.052 GC heap after
{Heap after GC invocations=20 (full 2):
 PSYoungGen      total 23552K, used 1490K [0x00000000d5580000, 0x00000000d7180000, 0x0000000100000000)
  eden space 22016K, 0% used [0x00000000d5580000,0x00000000d5580000,0x00000000d6b00000)
  from space 1536K, 97% used [0x00000000d7000000,0x00000000d7174b40,0x00000000d7180000)
  to   space 2048K, 0% used [0x00000000d6d80000,0x00000000d6d80000,0x00000000d6f80000)
 ParOldGen       total 68608K, used 32197K [0x0000000080000000, 0x0000000084300000, 0x00000000d5580000)
  object space 68608K, 46% used [0x0000000080000000,0x0000000081f71530,0x0000000084300000)
 Metaspace       used 44787K, committed 46016K, reserved 1114112K
  class space    used 4876K, committed 5440K, reserved 1048576K
}
Event: 7.528 GC heap before
{Heap before GC invocations=21 (full 2):
 PSYoungGen      total 23552K, used 23506K [0x00000000d5580000, 0x00000000d7180000, 0x0000000100000000)
  eden space 22016K, 100% used [0x00000000d5580000,0x00000000d6b00000,0x00000000d6b00000)
  from space 1536K, 97% used [0x00000000d7000000,0x00000000d7174b40,0x00000000d7180000)
  to   space 2048K, 0% used [0x00000000d6d80000,0x00000000d6d80000,0x00000000d6f80000)
 ParOldGen       total 68608K, used 32197K [0x0000000080000000, 0x0000000084300000, 0x00000000d5580000)
  object space 68608K, 46% used [0x0000000080000000,0x0000000081f71530,0x0000000084300000)
 Metaspace       used 46750K, committed 47936K, reserved 1114112K
  class space    used 5089K, committed 5632K, reserved 1048576K
}
Event: 7.531 GC heap after
{Heap after GC invocations=21 (full 2):
 PSYoungGen      total 23552K, used 1273K [0x00000000d5580000, 0x00000000d7080000, 0x0000000100000000)
  eden space 22016K, 0% used [0x00000000d5580000,0x00000000d5580000,0x00000000d6b00000)
  from space 1536K, 82% used [0x00000000d6d80000,0x00000000d6ebe5f0,0x00000000d6f00000)
  to   space 1536K, 0% used [0x00000000d6f00000,0x00000000d6f00000,0x00000000d7080000)
 ParOldGen       total 68608K, used 33469K [0x0000000080000000, 0x0000000084300000, 0x00000000d5580000)
  object space 68608K, 48% used [0x0000000080000000,0x00000000820af530,0x0000000084300000)
 Metaspace       used 46750K, committed 47936K, reserved 1114112K
  class space    used 5089K, committed 5632K, reserved 1048576K
}
Event: 7.830 GC heap before
{Heap before GC invocations=22 (full 2):
 PSYoungGen      total 23552K, used 23289K [0x00000000d5580000, 0x00000000d7080000, 0x0000000100000000)
  eden space 22016K, 100% used [0x00000000d5580000,0x00000000d6b00000,0x00000000d6b00000)
  from space 1536K, 82% used [0x00000000d6d80000,0x00000000d6ebe5f0,0x00000000d6f00000)
  to   space 1536K, 0% used [0x00000000d6f00000,0x00000000d6f00000,0x00000000d7080000)
 ParOldGen       total 68608K, used 33469K [0x0000000080000000, 0x0000000084300000, 0x00000000d5580000)
  object space 68608K, 48% used [0x0000000080000000,0x00000000820af530,0x0000000084300000)
 Metaspace       used 47060K, committed 48384K, reserved 1114112K
  class space    used 5123K, committed 5696K, reserved 1048576K
}
Event: 7.833 GC heap after
{Heap after GC invocations=22 (full 2):
 PSYoungGen      total 23040K, used 928K [0x00000000d5580000, 0x00000000d7000000, 0x0000000100000000)
  eden space 22016K, 0% used [0x00000000d5580000,0x00000000d5580000,0x00000000d6b00000)
  from space 1024K, 90% used [0x00000000d6f00000,0x00000000d6fe8000,0x00000000d7000000)
  to   space 1536K, 0% used [0x00000000d6d00000,0x00000000d6d00000,0x00000000d6e80000)
 ParOldGen       total 68608K, used 34498K [0x0000000080000000, 0x0000000084300000, 0x00000000d5580000)
  object space 68608K, 50% used [0x0000000080000000,0x00000000821b09a8,0x0000000084300000)
 Metaspace       used 47060K, committed 48384K, reserved 1114112K
  class space    used 5123K, committed 5696K, reserved 1048576K
}

